Using pre-set license

 COMMAND LINE ARGUMENTS:
/Applications/Unity/Hub/Editor/2020.2.3f1/Unity.app/Contents/MacOS/Unity
-adb2
-batchMode
-noUpm
-name
AssetImportWorker0
-projectPath
/Users/miroslavbeka/Development/VRTest
-logFile
Logs/AssetImportWorker0.log
-srvPort
49536
Successfully changed project path to: /Users/miroslavbeka/Development/VRTest
/Users/miroslavbeka/Development/VRTest
Using Asset Import Pipeline V2.
Refreshing native plugins compatible for Editor in 50.81 ms, found 1 plugins.
Preloading 0 native plugins for Editor in 0.00 ms.
Initialize engine version: 2020.2.3f1 (8ff31bc5bf5b)
[Subsystems] Discovering subsystems at path /Applications/Unity/Hub/Editor/2020.2.3f1/Unity.app/Contents/Resources/UnitySubsystems
[Subsystems] Discovering subsystems at path /Users/miroslavbeka/Development/VRTest/Assets
GfxDevice: creating device client; threaded=0
2021-04-17 20:50:34.140 Unity[3038:48913] (null) preferred device: Apple M1 (high power)
2021-04-17 20:50:34.140 Unity[3038:48913] Metal devices available: 1
2021-04-17 20:50:34.140 Unity[3038:48913] 0: Apple M1 (high power)
2021-04-17 20:50:34.140 Unity[3038:48913] Using device Apple M1 (high power)
Initializing Metal device caps: Apple M1
Initialize mono
Mono path[0] = '/Applications/Unity/Hub/Editor/2020.2.3f1/Unity.app/Contents/Managed'
Mono path[1] = '/Applications/Unity/Hub/Editor/2020.2.3f1/Unity.app/Contents/MonoBleedingEdge/lib/mono/unityjit'
Mono config path = '/Applications/Unity/Hub/Editor/2020.2.3f1/Unity.app/Contents/MonoBleedingEdge/etc'
Using monoOptions --debugger-agent=transport=dt_socket,embedding=1,server=y,suspend=n,address=127.0.0.1:56038
Begin MonoManager ReloadAssembly
Registering precompiled unity dll's ...
Register platform support module: /Applications/Unity/Hub/Editor/2020.2.3f1/Unity.app/Contents/PlaybackEngines/MacStandaloneSupport/UnityEditor.OSXStandalone.Extensions.dll
Registered in 0.000908 seconds.
Native extension for OSXStandalone target not found
Refreshing native plugins compatible for Editor in 46.35 ms, found 1 plugins.
Preloading 0 native plugins for Editor in 0.00 ms.
Invoked RoslynAnalysisRunner static constructor.
RoslynAnalysisRunner will not be running.
RoslynAnalysisRunner has terminated.
Mono: successfully reloaded assembly
- Completed reload, in  2.985 seconds
Platform modules already initialized, skipping
Registering precompiled user dll's ...
Registered in 0.001377 seconds.
Begin MonoManager ReloadAssembly
Native extension for OSXStandalone target not found
Refreshing native plugins compatible for Editor in 51.82 ms, found 1 plugins.
Preloading 0 native plugins for Editor in 0.00 ms.
Invoked RoslynAnalysisRunner static constructor.
RoslynAnalysisRunner will not be running.
RoslynAnalysisRunner has terminated.
Mono: successfully reloaded assembly
- Completed reload, in  2.046 seconds
Platform modules already initialized, skipping
========================================================================
Worker process is ready to serve import requests
Shader 'Universal Render Pipeline/Particles/Lit': fallback shader 'Universal Render Pipeline/Particles/SimpleLit' not found
Shader 'Universal Render Pipeline/Particles/Lit': fallback shader 'Universal Render Pipeline/Particles/SimpleLit' not found
Launching external process: /Applications/Unity/Hub/Editor/2020.2.3f1/Unity.app/Contents/Tools/UnityShaderCompiler
Launched and connected shader compiler UnityShaderCompiler after 0.03 seconds
Refreshing native plugins compatible for Editor in 0.44 ms, found 1 plugins.
Preloading 0 native plugins for Editor in 0.00 ms.
Unloading 2902 Unused Serialized files (Serialized files now loaded: 0)
System memory in use before: 200.6 MB.
System memory in use after: 198.3 MB.

Unloading 46 unused Assets to reduce memory usage. Loaded Objects now: 3314.
Total: 3.352500 ms (FindLiveObjects: 0.211792 ms CreateObjectMapping: 0.068125 ms MarkObjects: 1.609958 ms  DeleteObjects: 1.461750 ms)

========================================================================
Received Import Request.
  path: Assets
  artifactKey: Guid(00000000000000001000000000000000) Importer(815301076,1909f56bfc062723c751e8b465ee728b)
Start importing Assets using Guid(00000000000000001000000000000000) Importer(815301076,1909f56bfc062723c751e8b465ee728b)  -> (artifact id: '653ce283d384579a24208b2e4d727c2a') in 0.007717 seconds
  Import took 0.011755 seconds .

========================================================================
Received Import Request.
  Time since last request: 0.000367 seconds.
  path: Assets/Scenes
  artifactKey: Guid(2648c7f76912b477d83f1a6e8d3296da) Importer(815301076,1909f56bfc062723c751e8b465ee728b)
Start importing Assets/Scenes using Guid(2648c7f76912b477d83f1a6e8d3296da) Importer(815301076,1909f56bfc062723c751e8b465ee728b)  -> (artifact id: 'f5db6125d23aa1ef2376ca4c147681f8') in 0.000496 seconds
  Import took 0.003254 seconds .

========================================================================
Received Import Request.
  Time since last request: 10.905897 seconds.
  path: Assets/Scenes/EmptyScene.unity
  artifactKey: Guid(a252b9fdd598f447380a8486223f9478) Importer(815301076,1909f56bfc062723c751e8b465ee728b)
Start importing Assets/Scenes/EmptyScene.unity using Guid(a252b9fdd598f447380a8486223f9478) Importer(815301076,1909f56bfc062723c751e8b465ee728b)  -> (artifact id: '4de1ca6c3cf7beef6703d7a953d26213') in 0.013575 seconds
  Import took 0.017311 seconds .

========================================================================
Received Import Request.
  Time since last request: 3.279458 seconds.
  path: Assets/Scenes/SampleScene.unity
  artifactKey: Guid(d1c3109bdb54ad54c8a2b2838528e640) Importer(815301076,1909f56bfc062723c751e8b465ee728b)
Start importing Assets/Scenes/SampleScene.unity using Guid(d1c3109bdb54ad54c8a2b2838528e640) Importer(815301076,1909f56bfc062723c751e8b465ee728b)  -> (artifact id: '053226558c8ae8cf07975e2b15dfefee') in 0.001695 seconds
  Import took 0.006835 seconds .

========================================================================
Received Import Request.
  Time since last request: 2.162795 seconds.
  path: Assets/Scenes/SampleSceneLightingSettings.lighting
  artifactKey: Guid(477cc4148fad3449482a3bc3178594e2) Importer(815301076,1909f56bfc062723c751e8b465ee728b)
Start importing Assets/Scenes/SampleSceneLightingSettings.lighting using Guid(477cc4148fad3449482a3bc3178594e2) Importer(815301076,1909f56bfc062723c751e8b465ee728b)  -> (artifact id: 'e6f7d1cc0395b2930e85ace35a5a153e') in 0.723890 seconds
  Import took 0.728399 seconds .

========================================================================
Received Import Request.
  Time since last request: 10.024056 seconds.
  path: Assets/TutorialInfo
  artifactKey: Guid(49110bb8dcada46328ad741970bce702) Importer(815301076,1909f56bfc062723c751e8b465ee728b)
Start importing Assets/TutorialInfo using Guid(49110bb8dcada46328ad741970bce702) Importer(815301076,1909f56bfc062723c751e8b465ee728b)  -> (artifact id: 'c72caae5320b3fa808af079f20cbc8bd') in 0.000989 seconds
  Import took 0.006203 seconds .

========================================================================
Received Prepare
Registering precompiled user dll's ...
Registered in 0.001929 seconds.
Begin MonoManager ReloadAssembly
Native extension for OSXStandalone target not found
Refreshing native plugins compatible for Editor in 0.50 ms, found 1 plugins.
Preloading 0 native plugins for Editor in 0.00 ms.
Invoked RoslynAnalysisRunner static constructor.
RoslynAnalysisRunner will not be running.
RoslynAnalysisRunner has terminated.
Mono: successfully reloaded assembly
- Completed reload, in  1.920 seconds
Platform modules already initialized, skipping
Switching build target platform(2) subTarget(0) extendedPlatform(0) -> platform(13) subTarget(537395200) extendedPlatform(0)
Shader 'Universal Render Pipeline/Particles/Lit': fallback shader 'Universal Render Pipeline/Particles/SimpleLit' not found
Shader 'Universal Render Pipeline/Particles/Lit': fallback shader 'Universal Render Pipeline/Particles/SimpleLit' not found
Refreshing native plugins compatible for Editor in 0.54 ms, found 1 plugins.
Preloading 0 native plugins for Editor in 0.00 ms.
Unloading 2813 Unused Serialized files (Serialized files now loaded: 0)
System memory in use before: 198.2 MB.
System memory in use after: 195.9 MB.

Unloading 40 unused Assets to reduce memory usage. Loaded Objects now: 3316.
Total: 2.816208 ms (FindLiveObjects: 0.190625 ms CreateObjectMapping: 0.060125 ms MarkObjects: 1.367291 ms  DeleteObjects: 1.197375 ms)

AssetImportParameters requested are different than current active one (requested -> active):
  custom:graphics/normal-map-encoding: 01000000000000000000000000000000 -> 02000000000000000000000000000000
========================================================================
Received Import Request.
  Time since last request: 11.773315 seconds.
  path: Assets/Scripts/SimpleCameraController.cs
  artifactKey: Guid(be76e5f14cfee674cb30b491fb72b09b) Importer(815301076,1909f56bfc062723c751e8b465ee728b)
Start importing Assets/Scripts/SimpleCameraController.cs using Guid(be76e5f14cfee674cb30b491fb72b09b) Importer(815301076,1909f56bfc062723c751e8b465ee728b)  -> (artifact id: '6b99b4f6f911a49570408815c46d7299') in 0.584926 seconds
  Import took 0.588522 seconds .

========================================================================
Received Import Request.
  Time since last request: 3.472285 seconds.
  path: Assets/Scripts
  artifactKey: Guid(02a3527b6b33a924e8ec66aa805ea717) Importer(815301076,1909f56bfc062723c751e8b465ee728b)
Start importing Assets/Scripts using Guid(02a3527b6b33a924e8ec66aa805ea717) Importer(815301076,1909f56bfc062723c751e8b465ee728b)  -> (artifact id: '7b8f8a82dcb6ea9403eda1093122000a') in 0.000805 seconds
  Import took 0.004579 seconds .

========================================================================
Received Import Request.
  Time since last request: 0.003291 seconds.
  path: Assets/Scripts
  artifactKey: Guid(02a3527b6b33a924e8ec66aa805ea717) Importer(815301076,1909f56bfc062723c751e8b465ee728b)
Start importing Assets/Scripts using Guid(02a3527b6b33a924e8ec66aa805ea717) Importer(815301076,1909f56bfc062723c751e8b465ee728b)  -> (artifact id: '7b8f8a82dcb6ea9403eda1093122000a') in 0.000611 seconds
  Import took 0.004092 seconds .

========================================================================
Received Prepare
Registering precompiled user dll's ...
Registered in 0.001918 seconds.
Begin MonoManager ReloadAssembly
Native extension for OSXStandalone target not found
Refreshing native plugins compatible for Editor in 0.51 ms, found 1 plugins.
Preloading 0 native plugins for Editor in 0.00 ms.
Invoked RoslynAnalysisRunner static constructor.
RoslynAnalysisRunner will not be running.
RoslynAnalysisRunner has terminated.
Mono: successfully reloaded assembly
- Completed reload, in  1.974 seconds
Platform modules already initialized, skipping
Switching build target platform(2) subTarget(0) extendedPlatform(0) -> platform(13) subTarget(537395200) extendedPlatform(0)
Shader 'Universal Render Pipeline/Particles/Lit': fallback shader 'Universal Render Pipeline/Particles/SimpleLit' not found
Shader 'Universal Render Pipeline/Particles/Lit': fallback shader 'Universal Render Pipeline/Particles/SimpleLit' not found
Refreshing native plugins compatible for Editor in 0.48 ms, found 1 plugins.
Preloading 0 native plugins for Editor in 0.00 ms.
Unloading 2812 Unused Serialized files (Serialized files now loaded: 0)
System memory in use before: 202.7 MB.
System memory in use after: 200.4 MB.

Unloading 40 unused Assets to reduce memory usage. Loaded Objects now: 3318.
Total: 2.839792 ms (FindLiveObjects: 0.222625 ms CreateObjectMapping: 0.056791 ms MarkObjects: 1.344333 ms  DeleteObjects: 1.214875 ms)

AssetImportParameters requested are different than current active one (requested -> active):
  custom:graphics/normal-map-encoding: 01000000000000000000000000000000 -> 02000000000000000000000000000000
========================================================================
Received Import Request.
  Time since last request: 11.708393 seconds.
  path: Assets/Settings/ForwardRenderer.asset
  artifactKey: Guid(4a8e21d5c33334b11b34a596161b9360) Importer(815301076,1909f56bfc062723c751e8b465ee728b)
Start importing Assets/Settings/ForwardRenderer.asset using Guid(4a8e21d5c33334b11b34a596161b9360) Importer(815301076,1909f56bfc062723c751e8b465ee728b)  -> (artifact id: '27c61a351ed951a66276a687bc480f4d') in 0.192373 seconds
  Import took 0.196195 seconds .

========================================================================
Received Import Request.
  Time since last request: 0.272746 seconds.
  path: Assets/Settings/SampleSceneProfile.asset
  artifactKey: Guid(10fc4df2da32a41aaa32d77bc913491c) Importer(815301076,1909f56bfc062723c751e8b465ee728b)
Start importing Assets/Settings/SampleSceneProfile.asset using Guid(10fc4df2da32a41aaa32d77bc913491c) Importer(815301076,1909f56bfc062723c751e8b465ee728b)  -> (artifact id: 'bb337baa298e3f50d4ecaf4860c06b5b') in 0.028818 seconds
  Import took 0.032827 seconds .

========================================================================
Received Import Request.
  Time since last request: 0.002824 seconds.
  path: Assets/Settings/SampleSceneProfile.asset
  artifactKey: Guid(10fc4df2da32a41aaa32d77bc913491c) Importer(815301076,1909f56bfc062723c751e8b465ee728b)
Start importing Assets/Settings/SampleSceneProfile.asset using Guid(10fc4df2da32a41aaa32d77bc913491c) Importer(815301076,1909f56bfc062723c751e8b465ee728b)  -> (artifact id: 'bb337baa298e3f50d4ecaf4860c06b5b') in 0.002824 seconds
  Import took 0.006747 seconds .

========================================================================
Received Import Request.
  Time since last request: 4.727146 seconds.
  path: Assets/Settings/UniversalRP-HighQuality.asset
  artifactKey: Guid(19ba41d7c0026c3459d37c2fe90c55a0) Importer(815301076,1909f56bfc062723c751e8b465ee728b)
Start importing Assets/Settings/UniversalRP-HighQuality.asset using Guid(19ba41d7c0026c3459d37c2fe90c55a0) Importer(815301076,1909f56bfc062723c751e8b465ee728b)  -> (artifact id: 'e43b7b02b1b0baf1dd637335ebc8b689') in 0.005481 seconds
  Import took 0.011201 seconds .

========================================================================
Received Import Request.
  Time since last request: 0.137175 seconds.
  path: Assets/Settings/UniversalRP-HighQuality.asset
  artifactKey: Guid(19ba41d7c0026c3459d37c2fe90c55a0) Importer(815301076,1909f56bfc062723c751e8b465ee728b)
Start importing Assets/Settings/UniversalRP-HighQuality.asset using Guid(19ba41d7c0026c3459d37c2fe90c55a0) Importer(815301076,1909f56bfc062723c751e8b465ee728b)  -> (artifact id: 'e43b7b02b1b0baf1dd637335ebc8b689') in 0.003207 seconds
  Import took 0.006869 seconds .

========================================================================
Received Import Request.
  Time since last request: 0.470832 seconds.
  path: Assets/Settings/UniversalRP-LowQuality.asset
  artifactKey: Guid(a31e9f9f9c9d4b9429ed0d1234e22103) Importer(815301076,1909f56bfc062723c751e8b465ee728b)
Start importing Assets/Settings/UniversalRP-LowQuality.asset using Guid(a31e9f9f9c9d4b9429ed0d1234e22103) Importer(815301076,1909f56bfc062723c751e8b465ee728b)  -> (artifact id: 'b2d5cecc38b86ede25f8f99fa5e878b5') in 0.004759 seconds
  Import took 0.010332 seconds .

========================================================================
Received Import Request.
  Time since last request: 0.001253 seconds.
  path: Assets/Settings/UniversalRP-LowQuality.asset
  artifactKey: Guid(a31e9f9f9c9d4b9429ed0d1234e22103) Importer(815301076,1909f56bfc062723c751e8b465ee728b)
Start importing Assets/Settings/UniversalRP-LowQuality.asset using Guid(a31e9f9f9c9d4b9429ed0d1234e22103) Importer(815301076,1909f56bfc062723c751e8b465ee728b)  -> (artifact id: 'b2d5cecc38b86ede25f8f99fa5e878b5') in 0.003990 seconds
  Import took 0.008569 seconds .

========================================================================
Received Import Request.
  Time since last request: 3.340126 seconds.
  path: Assets/Settings/UniversalRP-MediumQuality.asset
  artifactKey: Guid(d847b876476d3d6468f5dfcd34266f96) Importer(815301076,1909f56bfc062723c751e8b465ee728b)
Start importing Assets/Settings/UniversalRP-MediumQuality.asset using Guid(d847b876476d3d6468f5dfcd34266f96) Importer(815301076,1909f56bfc062723c751e8b465ee728b)  -> (artifact id: '162d7474289429376b39f16742ad74fc') in 0.004298 seconds
  Import took 0.009237 seconds .

========================================================================
Received Import Request.
  Time since last request: 14.200096 seconds.
  path: Assets/XR/Settings/Oculus Settings.asset
  artifactKey: Guid(94342bc105ba94e9aa293e2fc2b338ea) Importer(815301076,1909f56bfc062723c751e8b465ee728b)
Start importing Assets/XR/Settings/Oculus Settings.asset using Guid(94342bc105ba94e9aa293e2fc2b338ea) Importer(815301076,1909f56bfc062723c751e8b465ee728b)  -> (artifact id: 'fdc0f6de66d17c8bedef062c7aca7ffc') in 0.005193 seconds
  Import took 0.010728 seconds .

========================================================================
Received Import Request.
  Time since last request: 0.014780 seconds.
  path: Assets/XR/Settings/Oculus Settings.asset
  artifactKey: Guid(94342bc105ba94e9aa293e2fc2b338ea) Importer(815301076,1909f56bfc062723c751e8b465ee728b)
Start importing Assets/XR/Settings/Oculus Settings.asset using Guid(94342bc105ba94e9aa293e2fc2b338ea) Importer(815301076,1909f56bfc062723c751e8b465ee728b)  -> (artifact id: 'fdc0f6de66d17c8bedef062c7aca7ffc') in 0.002909 seconds
  Import took 0.007339 seconds .

========================================================================
Received Import Request.
  Time since last request: 10.630417 seconds.
  path: Assets/Presets/NormalTexture.preset
  artifactKey: Guid(14a57cf3b9fa1c74b884aa7e0dcf1faa) Importer(815301076,1909f56bfc062723c751e8b465ee728b)
Start importing Assets/Presets/NormalTexture.preset using Guid(14a57cf3b9fa1c74b884aa7e0dcf1faa) Importer(815301076,1909f56bfc062723c751e8b465ee728b)  -> (artifact id: '9921d28f536b747024eda37ee275a335') in 0.120733 seconds
  Import took 0.127798 seconds .

========================================================================
Received Import Request.
  Time since last request: 0.056901 seconds.
  path: Assets/Presets/NormalTexture.preset
  artifactKey: Guid(14a57cf3b9fa1c74b884aa7e0dcf1faa) Importer(815301076,1909f56bfc062723c751e8b465ee728b)
Start importing Assets/Presets/NormalTexture.preset using Guid(14a57cf3b9fa1c74b884aa7e0dcf1faa) Importer(815301076,1909f56bfc062723c751e8b465ee728b)  -> (artifact id: '9921d28f536b747024eda37ee275a335') in 0.004492 seconds
  Import took 0.008514 seconds .

========================================================================
Received Import Request.
  Time since last request: 7.258002 seconds.
  path: Assets/Presets
  artifactKey: Guid(558255460b74ec04fa70b5570e9327bd) Importer(815301076,1909f56bfc062723c751e8b465ee728b)
Start importing Assets/Presets using Guid(558255460b74ec04fa70b5570e9327bd) Importer(815301076,1909f56bfc062723c751e8b465ee728b)  -> (artifact id: 'ecd21371faf56091247594bf340466bd') in 0.000936 seconds
  Import took 0.005733 seconds .

========================================================================
Received Import Request.
  Time since last request: 9.015262 seconds.
  path: Assets/Materials/TestShader.shadergraph
  artifactKey: Guid(e49250f0d27774ed9ab0148c28309828) Importer(815301076,1909f56bfc062723c751e8b465ee728b)
Start importing Assets/Materials/TestShader.shadergraph using Guid(e49250f0d27774ed9ab0148c28309828) Importer(815301076,1909f56bfc062723c751e8b465ee728b)  -> (artifact id: 'efefa64e64dac9eb33ba26072ccc852e') in 0.107415 seconds
  Import took 0.111096 seconds .

========================================================================
Received Import Request.
  Time since last request: 0.185921 seconds.
  path: Assets/Materials/TestShader.shadergraph
  artifactKey: Guid(e49250f0d27774ed9ab0148c28309828) Importer(815301076,1909f56bfc062723c751e8b465ee728b)
Start importing Assets/Materials/TestShader.shadergraph using Guid(e49250f0d27774ed9ab0148c28309828) Importer(815301076,1909f56bfc062723c751e8b465ee728b)  -> (artifact id: 'efefa64e64dac9eb33ba26072ccc852e') in 0.002734 seconds
  Import took 0.007039 seconds .

========================================================================
Received Import Request.
  Time since last request: 4.040771 seconds.
  path: Assets/ExampleAssets
  artifactKey: Guid(990f5c2df70993f4987a388ca178996a) Importer(815301076,1909f56bfc062723c751e8b465ee728b)
Start importing Assets/ExampleAssets using Guid(990f5c2df70993f4987a388ca178996a) Importer(815301076,1909f56bfc062723c751e8b465ee728b)  -> (artifact id: '8d160c7a5c8418e750c259844bf40130') in 0.000912 seconds
  Import took 0.006501 seconds .

========================================================================
Received Prepare
Switching build target platform(13) subTarget(537395200) extendedPlatform(0) -> platform(13) subTarget(524288) extendedPlatform(0)
Shader 'Universal Render Pipeline/Particles/Lit': fallback shader 'Universal Render Pipeline/Particles/SimpleLit' not found
Shader 'Universal Render Pipeline/Particles/Lit': fallback shader 'Universal Render Pipeline/Particles/SimpleLit' not found
Refreshing native plugins compatible for Editor in 1.20 ms, found 1 plugins.
Preloading 0 native plugins for Editor in 0.00 ms.
Unloading 38 Unused Serialized files (Serialized files now loaded: 0)
System memory in use before: 164.4 MB.
System memory in use after: 162.0 MB.

Unloading 36 unused Assets to reduce memory usage. Loaded Objects now: 3320.
Total: 7.959167 ms (FindLiveObjects: 0.352875 ms CreateObjectMapping: 0.056417 ms MarkObjects: 6.153500 ms  DeleteObjects: 1.395667 ms)

AssetImportParameters requested are different than current active one (requested -> active):
  buildTarget: platform 13, subtarget 524288, extendedPlatform 0 -> platform 13, subtarget 537395200, extendedPlatform 0
  graphicsApiMask: 2048 -> 2099200
========================================================================
Received Import Request.
  Time since last request: 1785.404554 seconds.
  path: Assets/XR
  artifactKey: Guid(596262e3ad4284d20a5b192f9f7ac275) Importer(815301076,1909f56bfc062723c751e8b465ee728b)
Start importing Assets/XR using Guid(596262e3ad4284d20a5b192f9f7ac275) Importer(815301076,1909f56bfc062723c751e8b465ee728b)  -> (artifact id: 'fb3d6227c3c2eaf9c772cbea8113fc52') in 0.017562 seconds
  Import took 0.083357 seconds .

